F:\CODESPACE\FSOURCE\FSCENE-DESIGNER2\FSCENEVIEWER\DEBUG\VC110.PDB
F:\CODESPACE\FSOURCE\FSCENE-DESIGNER2\FSCENEVIEWER\DEBUG\FSSCENEVIEWER.OBJ
F:\CODESPACE\FSOURCE\FSCENE-DESIGNER2\FSCENEVIEWER\DEBUG\FSCENEVIEWER.ILK
F:\CODESPACE\FSOURCE\FSCENE-DESIGNER2\FSCENEVIEWER\DEBUG\FSCENEVIEWER.EXE
F:\CODESPACE\FSOURCE\FSCENE-DESIGNER2\FSCENEVIEWER\DEBUG\FSCENEVIEWER.PDB
F:\CodeSpace\FSource\FScene-Designer2\FSceneViewer\Debug\FsSceneViewer.obj
F:\CodeSpace\FSource\FScene-Designer2\FSceneViewer\Debug\FSceneViewer.ilk
F:\CodeSpace\FSource\FScene-Designer2\FSceneViewer\Debug\cl.command.1.tlog
F:\CodeSpace\FSource\FScene-Designer2\FSceneViewer\Debug\CL.read.1.tlog
F:\CodeSpace\FSource\FScene-Designer2\FSceneViewer\Debug\CL.write.1.tlog
F:\CodeSpace\FSource\FScene-Designer2\FSceneViewer\Debug\link-cvtres.read.1.tlog
F:\CodeSpace\FSource\FScene-Designer2\FSceneViewer\Debug\link-cvtres.write.1.tlog
F:\CodeSpace\FSource\FScene-Designer2\FSceneViewer\Debug\link-rc.read.1.tlog
F:\CodeSpace\FSource\FScene-Designer2\FSceneViewer\Debug\link-rc.write.1.tlog
F:\CodeSpace\FSource\FScene-Designer2\FSceneViewer\Debug\link.command.1.tlog
F:\CodeSpace\FSource\FScene-Designer2\FSceneViewer\Debug\link.read.1.tlog
F:\CodeSpace\FSource\FScene-Designer2\FSceneViewer\Debug\link.write.1.tlog
F:\CodeSpace\FSource\FScene-Designer2\FSceneViewer\Debug\Microsoft.VC90.DebugCRT.manifest
F:\CodeSpace\FSource\FScene-Designer2\FSceneViewer\Debug\vc110.idb
F:\CodeSpace\FSource\FScene-Designer2\FSceneViewer\Debug\FSceneViewer.pdb
F:\CodeSpace\FSource\FScene-Designer2\FSceneViewer\Debug\vc110.pdb
F:\CodeSpace\FSource\FScene-Designer2\FSceneViewer\Debug\FSceneViewer.exe
